
> loungefest-website-frontend@0.0.1 dev
> astro dev --port 4321

16:02:17 [types] Generated 0ms
16:02:17 [content] Syncing content
16:02:17 [content] Synced content
16:02:17 [vite] Port 4321 is in use, trying another one...
16:02:17 [vite] Port 4322 is in use, trying another one...
16:02:17 [vite] Port 4323 is in use, trying another one...

 astro  v5.117:24:25 Configuration file updated. Restarting...
17:24:25 [vite] Re-optimizing dependencies because vite config has changed
17:24:25 [content] Syncing content
17:24:25 [content] Astro config changed
17:24:25 [content] Clearing content store
17:24:25 [content] Synced content
17:24:25 [types] Generated 178ms
17:24:25 [vite] Re-optimizing dependencies because vite config has changed
17:24:25 [vite] Port 4321 is in use, trying another one...
17:28:51 Configuration file updated. Restarting...
17:28:51 [vite] Re-optimizing dependencies because vite config has changed
17:28:51 [content] Syncing content
17:28:51 [content] Astro config changed
17:28:51 [content] Clearing content store
17:28:51 [content] Synced content
17:28:51 [types] Generated 158ms
17:28:51 [vite] Re-optimizing dependencies because vite config has changed
17:28:51 [vite] Port 4321 is in use, trying another one...
17:34:11 Configuration file updated. Restarting...
17:34:11 [vite] Re-optimizing dependencies because vite config has changed
17:34:11 [content] Syncing content
17:34:11 [content] Astro config changed
17:34:11 [content] Clearing content store
17:34:11 [content] Synced content
17:34:11 [types] Generated 247ms
17:34:11 [vite] Re-optimizing dependencies because vite config has changed
17:34:11 [vite] Port 4321 is in use, trying another one...
17:40:59 Configuration file updated. Restarting...
17:40:59 [vite] Re-optimizing dependencies because vite config has changed
17:40:59 [content] Syncing content
17:40:59 [content] Astro config changed
17:40:59 [content] Clearing content store
17:40:59 [content] Synced content
17:40:59 [types] Generated 111ms
17:40:59 [vite] Re-optimizing dependencies because vite config has changed
17:40:59 [vite] Port 4321 is in use, trying another one...
13:07:16 [vite] .env changed, restarting server...
13:07:16 Restarting...
13:07:16 [vite] .env changed, restarting server...
13:07:16 [vite] Re-optimizing dependencies because vite config has changed
13:07:16 [content] Syncing content
13:07:16 [content] Synced content
13:07:16 [types] Generated 111ms
13:07:16 [vite] Re-optimizing dependencies because vite config has changed
13:07:16 [vite] Port 4321 is in use, trying another one...
15:59:24 [vite] .env changed, restarting server...
15:59:24 Restarting...
15:59:24 [vite] Re-optimizing dependencies because vite config has changed
15:59:24 [content] Syncing content
15:59:24 [content] Synced content
15:59:24 [types] Generated 151ms
15:59:24 [vite] Re-optimizing dependencies because vite config has changed
15:59:24 [vite] Port 4321 is in use, trying another one...
